#
# A fatal error has been detected by the Java Runtime Environment:
#
#  EXCEPTION_ACCESS_VIOLATION (0xc0000005) at pc=0x0000000180003b10, pid=27188, tid=0x00000000000039f4
#
# JRE version: OpenJDK Runtime Environment (8.0_292-b10) (build 1.8.0_292-b10)
# Java VM: OpenJDK 64-Bit Server VM (25.292-b10 mixed mode windows-amd64 compressed oops)
# Problematic frame:
# C  0x0000000180003b10
#
# Failed to write core dump. Minidumps are not enabled by default on client versions of Windows
#
# If you would like to submit a bug report, please visit:
#   https://bell-sw.com/support
# The crash happened outside the Java Virtual Machine in native code.
# See problematic frame for where to report the bug.
#

---------------  T H R E A D  ---------------

Current thread (0x000002be5eae7000):  JavaThread "Finalizer" daemon [_thread_in_native, id=14836, stack(0x000000dd05900000,0x000000dd05a00000)]

siginfo: ExceptionCode=0xc0000005, ExceptionInformation=0x0000000000000008 0x0000000180003b10

Registers:
RAX=0x0000000180003b10, RBX=0x000002be7290e788, RCX=0x000002be5eae7250, RDX=0x000000dd059feea8
RSP=0x000000dd059fee18, RBP=0x000000dd059fee98, RSI=0x00000005c2779ed8, RDI=0x00000007c00e0428
R8 =0x000002be7fb29370, R9 =0x0000000000000000, R10=0x000002be60459622, R11=0x0000000066626240
R12=0x0000000000000000, R13=0x000002be7290e788, R14=0x000000dd059feec0, R15=0x000002be5eae7000
RIP=0x0000000180003b10, EFLAGS=0x0000000000010202

Top of Stack: (sp=0x000000dd059fee18)
0x000000dd059fee18:   000002be6045964e 000002be72f4ee60
0x000000dd059fee28:   000002be72f4ed88 0000000000000000
0x000000dd059fee38:   000000006659225d 000002be00000002
0x000000dd059fee48:   0000000000000000 000000dd059fee01
0x000000dd059fee58:   000000dd059fee58 0000000000000000
0x000000dd059fee68:   000000dd059feec0 000002be729d3ff8
0x000000dd059fee78:   0000000000000000 000002be7290e788
0x000000dd059fee88:   0000000000000000 000000dd059feeb8
0x000000dd059fee98:   000000dd059fef08 000002be604480bd
0x000000dd059feea8:   00000005c2513f00 000002be60452ab8
0x000000dd059feeb8:   000002be7fb29370 000000dd059feef0
0x000000dd059feec8:   000000dd059feec8 000002be7290c7dc
0x000000dd059feed8:   000000dd059fef18 000002be729d3ff8
0x000000dd059feee8:   0000000000000000 000002be7290c800
0x000000dd059feef8:   000000dd059feeb8 000000dd059fef20
0x000000dd059fef08:   000000dd059ff030 000002be6095fc24 

Instructions: (pc=0x0000000180003b10)
0x0000000180003af0:   
[error occurred during error reporting (printing registers, top of stack, instructions near pc), id 0xc0000005]

Register to memory mapping:

RAX=0x0000000180003b10 is an unknown value
RBX={method} {0x000002be7290e790} 'free' '(J)V' in 'com/sun/jna/Memory'
RCX=0x000002be5eae7250 is an unknown value
RDX=0x000000dd059feea8 is pointing into the stack for thread: 0x000002be5eae7000
RSP=0x000000dd059fee18 is pointing into the stack for thread: 0x000002be5eae7000
RBP=0x000000dd059fee98 is pointing into the stack for thread: 0x000002be5eae7000
RSI=0x00000005c2779ed8 is an oop
com.sun.jna.Memory 
 - klass: 'com/sun/jna/Memory'
RDI=0x00000007c00e0428 is pointing into metadata
R8 =0x000002be7fb29370 is an unknown value
R9 =0x0000000000000000 is an unknown value
R10=0x000002be60459622 is at code_begin+962 in an Interpreter codelet
method entry point (kind = native)  [0x000002be60459260, 0x000002be60459d00]  2720 bytes
R11=0x0000000066626240 is an unknown value
R12=0x0000000000000000 is an unknown value
R13={method} {0x000002be7290e790} 'free' '(J)V' in 'com/sun/jna/Memory'
R14=0x000000dd059feec0 is pointing into the stack for thread: 0x000002be5eae7000
R15=0x000002be5eae7000 is a thread


Stack: [0x000000dd05900000,0x000000dd05a00000],  sp=0x000000dd059fee18,  free space=1019k
Native frames: (J=compiled Java code, j=interpreted, Vv=VM code, C=native code)
C  0x0000000180003b10

Java frames: (J=compiled Java code, j=interpreted, Vv=VM code)
j  com.sun.jna.Memory.free(J)V+0
j  com.sun.jna.Memory.finalize()V+4
J 1000 C1 java.lang.ref.Finalizer.runFinalizer(Lsun/misc/JavaLangAccess;)V (62 bytes) @ 0x000002be6095fc24 [0x000002be6095f680+0x5a4]
J 999 C1 java.lang.ref.Finalizer.access$100(Ljava/lang/ref/Finalizer;Lsun/misc/JavaLangAccess;)V (6 bytes) @ 0x000002be6095af1c [0x000002be6095aec0+0x5c]
j  java.lang.ref.Finalizer$FinalizerThread.run()V+45
v  ~StubRoutines::call_stub

---------------  P R O C E S S  ---------------

Java Threads: ( => current thread )
  0x000002be7b2d1000 JavaThread "SIGINT handler" daemon [_thread_blocked, id=30092, stack(0x000000dd04700000,0x000000dd04800000)]
  0x000002be7b2cb800 JavaThread "Java Sound Event Dispatcher" daemon [_thread_blocked, id=4244, stack(0x000000dd08300000,0x000000dd08400000)]
  0x000002be7b2cf800 JavaThread "DestroyJavaVM" [_thread_blocked, id=29836, stack(0x000000dd04900000,0x000000dd04a00000)]
  0x000002be7b3d2000 JavaThread "AWT-EventQueue-0" [_thread_blocked, id=28608, stack(0x000000dd07800000,0x000000dd07900000)]
  0x000002be7b24d000 JavaThread "Thread-5" daemon [_thread_in_native, id=23384, stack(0x000000dd07300000,0x000000dd07400000)]
  0x000002be7b24c000 JavaThread "Thread-4" [_thread_blocked, id=29476, stack(0x000000dd07200000,0x000000dd07300000)]
  0x000002be7b1f7000 JavaThread "Thread-3" [_thread_blocked, id=29340, stack(0x000000dd07100000,0x000000dd07200000)]
  0x000002be7b1f4000 JavaThread "Thread-2" [_thread_in_native, id=12368, stack(0x000000dd07000000,0x000000dd07100000)]
  0x000002be76396800 JavaThread "AWT-Shutdown" [_thread_blocked, id=4720, stack(0x000000dd06c00000,0x000000dd06d00000)]
  0x000002be7638b000 JavaThread "Java2D Disposer" daemon [_thread_blocked, id=21548, stack(0x000000dd06b00000,0x000000dd06c00000)]
  0x000002be74f9f800 JavaThread "Service Thread" daemon [_thread_blocked, id=29464, stack(0x000000dd06900000,0x000000dd06a00000)]
  0x000002be74eba000 JavaThread "C1 CompilerThread11" daemon [_thread_blocked, id=27072, stack(0x000000dd06800000,0x000000dd06900000)]
  0x000002be74eb8800 JavaThread "C1 CompilerThread10" daemon [_thread_blocked, id=29940, stack(0x000000dd06700000,0x000000dd06800000)]
  0x000002be74ebe000 JavaThread "C1 CompilerThread9" daemon [_thread_blocked, id=12732, stack(0x000000dd06600000,0x000000dd06700000)]
  0x000002be74eb9000 JavaThread "C1 CompilerThread8" daemon [_thread_blocked, id=28488, stack(0x000000dd06500000,0x000000dd06600000)]
  0x000002be74ebc800 JavaThread "C2 CompilerThread7" daemon [_thread_blocked, id=16580, stack(0x000000dd06400000,0x000000dd06500000)]
  0x000002be74ebb800 JavaThread "C2 CompilerThread6" daemon [_thread_blocked, id=3104, stack(0x000000dd06300000,0x000000dd06400000)]
  0x000002be74eb7800 JavaThread "C2 CompilerThread5" daemon [_thread_blocked, id=22916, stack(0x000000dd06200000,0x000000dd06300000)]
  0x000002be74ebd000 JavaThread "C2 CompilerThread4" daemon [_thread_blocked, id=26680, stack(0x000000dd06100000,0x000000dd06200000)]
  0x000002be74ebb000 JavaThread "C2 CompilerThread3" daemon [_thread_blocked, id=29664, stack(0x000000dd06000000,0x000000dd06100000)]
  0x000002be74ebe800 JavaThread "C2 CompilerThread2" daemon [_thread_blocked, id=30296, stack(0x000000dd05f00000,0x000000dd06000000)]
  0x000002be74eb0800 JavaThread "C2 CompilerThread1" daemon [_thread_blocked, id=28120, stack(0x000000dd05e00000,0x000000dd05f00000)]
  0x000002be74ead800 JavaThread "C2 CompilerThread0" daemon [_thread_blocked, id=20272, stack(0x000000dd05d00000,0x000000dd05e00000)]
  0x000002be74eaa800 JavaThread "Monitor Ctrl-Break" daemon [_thread_in_native, id=30524, stack(0x000000dd05c00000,0x000000dd05d00000)]
  0x000002be74cf0800 JavaThread "Attach Listener" daemon [_thread_blocked, id=3940, stack(0x000000dd05b00000,0x000000dd05c00000)]
  0x000002be74c9d000 JavaThread "Signal Dispatcher" daemon [_thread_blocked, id=22260, stack(0x000000dd05a00000,0x000000dd05b00000)]
=>0x000002be5eae7000 JavaThread "Finalizer" daemon [_thread_in_native, id=14836, stack(0x000000dd05900000,0x000000dd05a00000)]
  0x000002be74c82000 JavaThread "Reference Handler" daemon [_thread_blocked, id=25612, stack(0x000000dd05800000,0x000000dd05900000)]

Other Threads:
  0x000002be72f44000 VMThread [stack: 0x000000dd05700000,0x000000dd05800000] [id=12348]
  0x000002be74fad000 WatcherThread [stack: 0x000000dd06a00000,0x000000dd06b00000] [id=28968]

VM state:not at safepoint (normal execution)

VM Mutex/Monitor currently owned by a thread: None

heap address: 0x00000005c2400000, size: 8156 MB, Compressed Oops mode: Zero based, Oop shift amount: 3
Narrow klass base: 0x0000000000000000, Narrow klass shift: 3
Compressed class space size: 1073741824 Address: 0x00000007c0000000

Heap:
 PSYoungGen      total 152576K, used 3251K [0x0000000716180000, 0x0000000720b80000, 0x00000007c0000000)
  eden space 131072K, 2% used [0x0000000716180000,0x00000007164ace40,0x000000071e180000)
  from space 21504K, 0% used [0x000000071f680000,0x000000071f680000,0x0000000720b80000)
  to   space 21504K, 0% used [0x000000071e180000,0x000000071e180000,0x000000071f680000)
 ParOldGen       total 348160K, used 3559K [0x00000005c2400000, 0x00000005d7800000, 0x0000000716180000)
  object space 348160K, 1% used [0x00000005c2400000,0x00000005c2779ef8,0x00000005d7800000)
 Metaspace       used 15342K, capacity 15678K, committed 15872K, reserved 1062912K
  class space    used 1838K, capacity 1980K, committed 2048K, reserved 1048576K

Card table byte_map: [0x000002be6f800000,0x000002be707f0000] byte_map_base: 0x000002be6c9ee000

Marking Bits: (ParMarkBitMap*) 0x0000000066bfc7e0
 Begin Bits: [0x000002be00000000, 0x000002be07f70000)
 End Bits:   [0x000002be07f70000, 0x000002be0fee0000)

Polling page: 0x000002be5eb90000

CodeCache: size=245760Kb used=6037Kb max_used=6037Kb free=239722Kb
 bounds [0x000002be60440000, 0x000002be60a50000, 0x000002be6f440000]
 total_blobs=1635 nmethods=1119 adapters=427
 compilation: enabled

Compilation events (10 events):
Event: 245.492 Thread 0x000002be74eb9000 1175       3       com.sun.jna.Native::updateLastError (15 bytes)
Event: 245.493 Thread 0x000002be74eb9000 nmethod 1175 0x000002be609fbf90 code [0x000002be609fc160, 0x000002be609fc8a0]
Event: 256.198 Thread 0x000002be74eba000 1176       3       java.util.concurrent.ConcurrentHashMap::entrySet (27 bytes)
Event: 256.198 Thread 0x000002be74ebe000 1177       3       java.util.concurrent.ConcurrentHashMap$EntrySetView::iterator (34 bytes)
Event: 256.198 Thread 0x000002be74eb8800 1178       3       java.util.concurrent.ConcurrentHashMap$EntryIterator::<init> (12 bytes)
Event: 256.198 Thread 0x000002be74eba000 nmethod 1176 0x000002be60887110 code [0x000002be60887280, 0x000002be608875d8]
Event: 256.198 Thread 0x000002be74ebe000 nmethod 1177 0x000002be60891c10 code [0x000002be60891da0, 0x000002be608921c0]
Event: 256.198 Thread 0x000002be74eb8800 nmethod 1178 0x000002be606fe110 code [0x000002be606fe280, 0x000002be606fe560]
Event: 292.011 Thread 0x000002be74eba000 1179  s    3       java.util.Hashtable::containsKey (65 bytes)
Event: 292.011 Thread 0x000002be74eba000 nmethod 1179 0x000002be606f9a90 code [0x000002be606f9c20, 0x000002be606fa260]

GC Heap History (10 events):
Event: 282.037 GC heap before
{Heap before GC invocations=112 (full 56):
 PSYoungGen      total 152576K, used 128K [0x0000000716180000, 0x0000000720b80000, 0x00000007c0000000)
  eden space 131072K, 0% used [0x0000000716180000,0x0000000716180000,0x000000071e180000)
  from space 21504K, 0% used [0x000000071f680000,0x000000071f6a0000,0x0000000720b80000)
  to   space 21504K, 0% used [0x000000071e180000,0x000000071e180000,0x000000071f680000)
 ParOldGen       total 348160K, used 3590K [0x00000005c2400000, 0x00000005d7800000, 0x0000000716180000)
  object space 348160K, 1% used [0x00000005c2400000,0x00000005c2781bf0,0x00000005d7800000)
 Metaspace       used 15331K, capacity 15646K, committed 15872K, reserved 1062912K
  class space    used 1837K, capacity 1948K, committed 2048K, reserved 1048576K
Event: 282.043 GC heap after
Heap after GC invocations=112 (full 56):
 PSYoungGen      total 152576K, used 0K [0x0000000716180000, 0x0000000720b80000, 0x00000007c0000000)
  eden space 131072K, 0% used [0x0000000716180000,0x0000000716180000,0x000000071e180000)
  from space 21504K, 0% used [0x000000071f680000,0x000000071f680000,0x0000000720b80000)
  to   space 21504K, 0% used [0x000000071e180000,0x000000071e180000,0x000000071f680000)
 ParOldGen       total 348160K, used 3590K [0x00000005c2400000, 0x00000005d7800000, 0x0000000716180000)
  object space 348160K, 1% used [0x00000005c2400000,0x00000005c2781bf0,0x00000005d7800000)
 Metaspace       used 15331K, capacity 15646K, committed 15872K, reserved 1062912K
  class space    used 1837K, capacity 1948K, committed 2048K, reserved 1048576K
}
Event: 287.051 GC heap before
{Heap before GC invocations=113 (full 56):
 PSYoungGen      total 152576K, used 6659K [0x0000000716180000, 0x0000000720b80000, 0x00000007c0000000)
  eden space 131072K, 5% used [0x0000000716180000,0x0000000716800db8,0x000000071e180000)
  from space 21504K, 0% used [0x000000071f680000,0x000000071f680000,0x0000000720b80000)
  to   space 21504K, 0% used [0x000000071e180000,0x000000071e180000,0x000000071f680000)
 ParOldGen       total 348160K, used 3590K [0x00000005c2400000, 0x00000005d7800000, 0x0000000716180000)
  object space 348160K, 1% used [0x00000005c2400000,0x00000005c2781bf0,0x00000005d7800000)
 Metaspace       used 15331K, capacity 15646K, committed 15872K, reserved 1062912K
  class space    used 1837K, capacity 1948K, committed 2048K, reserved 1048576K
Event: 287.051 GC heap after
Heap after GC invocations=113 (full 56):
 PSYoungGen      total 152576K, used 160K [0x0000000716180000, 0x0000000720b80000, 0x00000007c0000000)
  eden space 131072K, 0% used [0x0000000716180000,0x0000000716180000,0x000000071e180000)
  from space 21504K, 0% used [0x000000071e180000,0x000000071e1a8000,0x000000071f680000)
  to   space 21504K, 0% used [0x000000071f680000,0x000000071f680000,0x0000000720b80000)
 ParOldGen       total 348160K, used 3590K [0x00000005c2400000, 0x00000005d7800000, 0x0000000716180000)
  object space 348160K, 1% used [0x00000005c2400000,0x00000005c2781bf0,0x00000005d7800000)
 Metaspace       used 15331K, capacity 15646K, committed 15872K, reserved 1062912K
  class space    used 1837K, capacity 1948K, committed 2048K, reserved 1048576K
}
Event: 287.051 GC heap before
{Heap before GC invocations=114 (full 57):
 PSYoungGen      total 152576K, used 160K [0x0000000716180000, 0x0000000720b80000, 0x00000007c0000000)
  eden space 131072K, 0% used [0x0000000716180000,0x0000000716180000,0x000000071e180000)
  from space 21504K, 0% used [0x000000071e180000,0x000000071e1a8000,0x000000071f680000)
  to   space 21504K, 0% used [0x000000071f680000,0x000000071f680000,0x0000000720b80000)
 ParOldGen       total 348160K, used 3590K [0x00000005c2400000, 0x00000005d7800000, 0x0000000716180000)
  object space 348160K, 1% used [0x00000005c2400000,0x00000005c2781bf0,0x00000005d7800000)
 Metaspace       used 15331K, capacity 15646K, committed 15872K, reserved 1062912K
  class space    used 1837K, capacity 1948K, committed 2048K, reserved 1048576K
Event: 287.057 GC heap after
Heap after GC invocations=114 (full 57):
 PSYoungGen      total 152576K, used 0K [0x0000000716180000, 0x0000000720b80000, 0x00000007c0000000)
  eden space 131072K, 0% used [0x0000000716180000,0x0000000716180000,0x000000071e180000)
  from space 21504K, 0% used [0x000000071e180000,0x000000071e180000,0x000000071f680000)
  to   space 21504K, 0% used [0x000000071f680000,0x000000071f680000,0x0000000720b80000)
 ParOldGen       total 348160K, used 3590K [0x00000005c2400000, 0x00000005d7800000, 0x0000000716180000)
  object space 348160K, 1% used [0x00000005c2400000,0x00000005c2781bf0,0x00000005d7800000)
 Metaspace       used 15331K, capacity 15646K, committed 15872K, reserved 1062912K
  class space    used 1837K, capacity 1948K, committed 2048K, reserved 1048576K
}
Event: 292.065 GC heap before
{Heap before GC invocations=115 (full 57):
 PSYoungGen      total 152576K, used 12164K [0x0000000716180000, 0x0000000720b80000, 0x00000007c0000000)
  eden space 131072K, 9% used [0x0000000716180000,0x0000000716d61308,0x000000071e180000)
  from space 21504K, 0% used [0x000000071e180000,0x000000071e180000,0x000000071f680000)
  to   space 21504K, 0% used [0x000000071f680000,0x000000071f680000,0x0000000720b80000)
 ParOldGen       total 348160K, used 3590K [0x00000005c2400000, 0x00000005d7800000, 0x0000000716180000)
  object space 348160K, 1% used [0x00000005c2400000,0x00000005c2781bf0,0x00000005d7800000)
 Metaspace       used 15342K, capacity 15678K, committed 15872K, reserved 1062912K
  class space    used 1838K, capacity 1980K, committed 2048K, reserved 1048576K
Event: 292.066 GC heap after
Heap after GC invocations=115 (full 57):
 PSYoungGen      total 152576K, used 192K [0x0000000716180000, 0x0000000720b80000, 0x00000007c0000000)
  eden space 131072K, 0% used [0x0000000716180000,0x0000000716180000,0x000000071e180000)
  from space 21504K, 0% used [0x000000071f680000,0x000000071f6b0000,0x0000000720b80000)
  to   space 21504K, 0% used [0x000000071e180000,0x000000071e180000,0x000000071f680000)
 ParOldGen       total 348160K, used 3590K [0x00000005c2400000, 0x00000005d7800000, 0x0000000716180000)
  object space 348160K, 1% used [0x00000005c2400000,0x00000005c2781bf0,0x00000005d7800000)
 Metaspace       used 15342K, capacity 15678K, committed 15872K, reserved 1062912K
  class space    used 1838K, capacity 1980K, committed 2048K, reserved 1048576K
}
Event: 292.066 GC heap before
{Heap before GC invocations=116 (full 58):
 PSYoungGen      total 152576K, used 192K [0x0000000716180000, 0x0000000720b80000, 0x00000007c0000000)
  eden space 131072K, 0% used [0x0000000716180000,0x0000000716180000,0x000000071e180000)
  from space 21504K, 0% used [0x000000071f680000,0x000000071f6b0000,0x0000000720b80000)
  to   space 21504K, 0% used [0x000000071e180000,0x000000071e180000,0x000000071f680000)
 ParOldGen       total 348160K, used 3590K [0x00000005c2400000, 0x00000005d7800000, 0x0000000716180000)
  object space 348160K, 1% used [0x00000005c2400000,0x00000005c2781bf0,0x00000005d7800000)
 Metaspace       used 15342K, capacity 15678K, committed 15872K, reserved 1062912K
  class space    used 1838K, capacity 1980K, committed 2048K, reserved 1048576K
Event: 292.098 GC heap after
Heap after GC invocations=116 (full 58):
 PSYoungGen      total 152576K, used 0K [0x0000000716180000, 0x0000000720b80000, 0x00000007c0000000)
  eden space 131072K, 0% used [0x0000000716180000,0x0000000716180000,0x000000071e180000)
  from space 21504K, 0% used [0x000000071f680000,0x000000071f680000,0x0000000720b80000)
  to   space 21504K, 0% used [0x000000071e180000,0x000000071e180000,0x000000071f680000)
 ParOldGen       total 348160K, used 3559K [0x00000005c2400000, 0x00000005d7800000, 0x0000000716180000)
  object space 348160K, 1% used [0x00000005c2400000,0x00000005c2779ef8,0x00000005d7800000)
 Metaspace       used 15342K, capacity 15678K, committed 15872K, reserved 1062912K
  class space    used 1838K, capacity 1980K, committed 2048K, reserved 1048576K
}

Deoptimization events (5 events):
Event: 0.474 Thread 0x000002be5ea50000 Uncommon trap: reason=null_check action=make_not_entrant pc=0x000002be606f8e48 method=java.lang.String.equals(Ljava/lang/Object;)Z @ 8
Event: 1.185 Thread 0x000002be7b3d2000 Uncommon trap: reason=unstable_if action=reinterpret pc=0x000002be606fc500 method=java.lang.CharacterData.of(I)Ljava/lang/CharacterData; @ 4
Event: 6.004 Thread 0x000002be7b2d1000 Uncommon trap: reason=unstable_if action=reinterpret pc=0x000002be60893e28 method=java.util.HashMap.putVal(ILjava/lang/Object;Ljava/lang/Object;ZZ)Ljava/lang/Object; @ 236
Event: 7.118 Thread 0x000002be7b24c000 Uncommon trap: reason=unstable_if action=reinterpret pc=0x000002be607e9e84 method=sun.nio.cs.UTF_8$Encoder.encode([CII[B)I @ 33
Event: 55.987 Thread 0x000002be7b2d1000 Uncommon trap: reason=predicate action=maybe_recompile pc=0x000002be60959084 method=sun.net.www.ParseUtil.encodePath(Ljava/lang/String;Z)Ljava/lang/String; @ 36

Classes redefined (0 events):
No events

Internal exceptions (10 events):
Event: 0.174 Thread 0x000002be5ea50000 Exception <a 'java/lang/NoSuchFieldError': method resolution failed> (0x0000000716aeaab0) thrown at [C:\ws\workspace\jdk-8u292\label\windows-x86_64\type\b8\build\hotspot\src\share\vm\prims\methodHandles.cpp, line 1169]
Event: 0.196 Thread 0x000002be5ea50000 Exception <a 'java/lang/ClassNotFoundException': sun/dc/DuctusRenderingEngine> (0x00000007173d50f8) thrown at [C:\ws\workspace\jdk-8u292\label\windows-x86_64\type\b8\build\hotspot\src\share\vm\classfile\systemDictionary.cpp, line 217]
Event: 0.204 Thread 0x000002be5ea50000 Exception <a 'java/io/FileNotFoundException'> (0x0000000717411f98) thrown at [C:\ws\workspace\jdk-8u292\label\windows-x86_64\type\b8\build\hotspot\src\share\vm\prims\jni.cpp, line 711]
Event: 0.474 Thread 0x000002be5ea50000 Implicit null exception at 0x000002be606f8c55 to 0x000002be606f8e39
Event: 1.134 Thread 0x000002be5ea50000 Exception <a 'java/io/FileNotFoundException'> (0x0000000718418790) thrown at [C:\ws\workspace\jdk-8u292\label\windows-x86_64\type\b8\build\hotspot\src\share\vm\prims\jni.cpp, line 711]
Event: 1.134 Thread 0x000002be5ea50000 Exception <a 'java/lang/NullPointerException'> (0x0000000718418dc8) thrown at [C:\ws\workspace\jdk-8u292\label\windows-x86_64\type\b8\build\hotspot\src\share\vm\interpreter\linkResolver.cpp, line 1185]
Event: 5.958 Thread 0x000002be7b1f4000 Exception <a 'java/lang/ArrayIndexOutOfBoundsException': 18> (0x0000000719c92958) thrown at [C:\ws\workspace\jdk-8u292\label\windows-x86_64\type\b8\build\hotspot\src\share\vm\interpreter\interpreterRuntime.cpp, line 371]
Event: 5.992 Thread 0x000002be7b2d1000 Exception <a 'java/lang/NoSuchMethodError': java.lang.Object.lambda$andThen$1(Ljava/util/function/Function;Ljava/lang/Object;)Ljava/lang/Object;> (0x0000000719f9d000) thrown at [C:\ws\workspace\jdk-8u292\label\windows-x86_64\type\b8\build\hotspot\src\shar
Event: 10.565 Thread 0x000002be7b2d1000 Exception <a 'java/net/SocketTimeoutException': Read timed out> (0x00000007170dbf30) thrown at [C:\ws\workspace\jdk-8u292\label\windows-x86_64\type\b8\build\hotspot\src\share\vm\prims\jni.cpp, line 738]
Event: 62.992 Thread 0x000002be7b2d1000 Exception <a 'java/net/SocketTimeoutException': Read timed out> (0x0000000716579dc0) thrown at [C:\ws\workspace\jdk-8u292\label\windows-x86_64\type\b8\build\hotspot\src\share\vm\prims\jni.cpp, line 738]

Events (10 events):
Event: 292.011 Thread 0x000002be7b2d3800 Thread exited: 0x000002be7b2d3800
Event: 292.011 Thread 0x000002be7b2c6800 Thread exited: 0x000002be7b2c6800
Event: 292.011 loading class sun/java2d/pipe/hw/AccelDeviceEventNotifier done
Event: 292.011 Thread 0x000002be7b2d2000 Thread exited: 0x000002be7b2d2000
Event: 292.011 loading class java/util/Vector$Itr
Event: 292.012 loading class java/util/Vector$Itr done
Event: 292.013 Thread 0x000002be7b2cc800 Thread exited: 0x000002be7b2cc800
Event: 292.031 Thread 0x000002be7639a000 Thread exited: 0x000002be7639a000
Event: 292.065 Executing VM operation: ParallelGCSystemGC
Event: 292.098 Executing VM operation: ParallelGCSystemGC done


Dynamic libraries:
0x00007ff7227c0000 - 0x00007ff722805000 	D:\Program\JDK\bin\java.exe
0x00007ffa27890000 - 0x00007ffa27aa4000 	C:\WINDOWS\SYSTEM32\ntdll.dll
0x00007ffa25960000 - 0x00007ffa25a22000 	C:\WINDOWS\System32\KERNEL32.DLL
0x00007ffa24cd0000 - 0x00007ffa2506c000 	C:\WINDOWS\System32\KERNELBASE.dll
0x00007ffa21d40000 - 0x00007ffa21dd6000 	C:\WINDOWS\SYSTEM32\apphelp.dll
0x00007ff9f3560000 - 0x00007ff9f35c4000 	C:\WINDOWS\SYSTEM32\AcGenral.DLL
0x00007ffa269e0000 - 0x00007ffa26a87000 	C:\WINDOWS\System32\msvcrt.dll
0x00007ffa27740000 - 0x00007ffa277e4000 	C:\WINDOWS\System32\sechost.dll
0x00007ffa276e0000 - 0x00007ffa2773e000 	C:\WINDOWS\System32\SHLWAPI.dll
0x00007ffa27330000 - 0x00007ffa274db000 	C:\WINDOWS\System32\USER32.dll
0x00007ffa25600000 - 0x00007ffa25626000 	C:\WINDOWS\System32\win32u.dll
0x00007ffa270d0000 - 0x00007ffa270f9000 	C:\WINDOWS\System32\GDI32.dll
0x00007ffa25070000 - 0x00007ffa25183000 	C:\WINDOWS\System32\gdi32full.dll
0x00007ffa25560000 - 0x00007ffa255fa000 	C:\WINDOWS\System32\msvcp_win.dll
0x00007ffa25440000 - 0x00007ffa25551000 	C:\WINDOWS\System32\ucrtbase.dll
0x00007ffa256a0000 - 0x00007ffa2583c000 	C:\WINDOWS\System32\ole32.dll
0x00007ffa26510000 - 0x00007ffa26899000 	C:\WINDOWS\System32\combase.dll
0x00007ffa271f0000 - 0x00007ffa27307000 	C:\WINDOWS\System32\RPCRT4.dll
0x00007ffa26410000 - 0x00007ffa264be000 	C:\WINDOWS\System32\advapi32.dll
0x00007ffa268a0000 - 0x00007ffa26991000 	C:\WINDOWS\System32\shcore.dll
0x00007ffa25a30000 - 0x00007ffa26220000 	C:\WINDOWS\System32\SHELL32.dll
0x00007ffa242d0000 - 0x00007ffa242f8000 	C:\WINDOWS\SYSTEM32\USERENV.dll
0x00007ffa09b00000 - 0x00007ffa09b1e000 	C:\WINDOWS\SYSTEM32\MPR.dll
0x00007ffa24020000 - 0x00007ffa24062000 	C:\WINDOWS\SYSTEM32\SspiCli.dll
0x00007ffa274e0000 - 0x00007ffa27511000 	C:\WINDOWS\System32\IMM32.DLL
0x00007ffa00aa0000 - 0x00007ffa00d2e000 	C:\WINDOWS\WinSxS\amd64_microsoft.windows.common-controls_6595b64144ccf1df_6.0.22621.608_none_a9444ca7c10bb01d\COMCTL32.dll
0x00007ff9f4a90000 - 0x00007ff9f4aa5000 	D:\Program\JDK\jre\bin\vcruntime140.dll
0x00007ff9da710000 - 0x00007ff9da7ab000 	D:\Program\JDK\jre\bin\msvcp140.dll
0x0000000066420000 - 0x0000000066c76000 	D:\Program\JDK\jre\bin\server\jvm.dll
0x00007ffa269c0000 - 0x00007ffa269c8000 	C:\WINDOWS\System32\PSAPI.DLL
0x00007ffa18a30000 - 0x00007ffa18a3a000 	C:\WINDOWS\SYSTEM32\VERSION.dll
0x00007ffa041a0000 - 0x00007ffa041a9000 	C:\WINDOWS\SYSTEM32\WSOCK32.dll
0x00007ffa1d5b0000 - 0x00007ffa1d5e4000 	C:\WINDOWS\SYSTEM32\WINMM.dll
0x00007ffa26390000 - 0x00007ffa26401000 	C:\WINDOWS\System32\WS2_32.dll
0x00007ffa23dd0000 - 0x00007ffa23de8000 	C:\WINDOWS\SYSTEM32\kernel.appcore.dll
0x00007ffa0c500000 - 0x00007ffa0c510000 	D:\Program\JDK\jre\bin\verify.dll
0x00007ff9f3480000 - 0x00007ff9f34ab000 	D:\Program\JDK\jre\bin\java.dll
0x00007ffa081c0000 - 0x00007ffa081f2000 	D:\Program\JDK\jre\bin\instrument.dll
0x00007ff9f4a70000 - 0x00007ff9f4a88000 	D:\Program\JDK\jre\bin\zip.dll
0x00007ffa22ca0000 - 0x00007ffa2356d000 	C:\WINDOWS\SYSTEM32\windows.storage.dll
0x00007ffa22b60000 - 0x00007ffa22c9e000 	C:\WINDOWS\SYSTEM32\wintypes.dll
0x00007ffa24c00000 - 0x00007ffa24c21000 	C:\WINDOWS\SYSTEM32\profapi.dll
0x00007ffa0e290000 - 0x00007ffa0e2aa000 	D:\Program\Profession\IntelliJ IDEA 2022.2.3\bin\breakgen64.dll
0x00007ff9ea730000 - 0x00007ff9ea74c000 	D:\Program\JDK\jre\bin\net.dll
0x00007ffa24230000 - 0x00007ffa24299000 	C:\WINDOWS\system32\mswsock.dll
0x00007ff9d4850000 - 0x00007ff9d49e5000 	D:\Program\JDK\jre\bin\awt.dll
0x00007ffa27100000 - 0x00007ffa271d7000 	C:\WINDOWS\System32\OLEAUT32.dll
0x00007ffa220e0000 - 0x00007ffa2210b000 	C:\WINDOWS\system32\DWMAPI.DLL
0x00007ffa21e50000 - 0x00007ffa21efb000 	C:\WINDOWS\system32\uxtheme.dll
0x00007ff9e81b0000 - 0x00007ff9e82b0000 	C:\WINDOWS\system32\opengl32.dll
0x00007ff9e8150000 - 0x00007ff9e817d000 	C:\WINDOWS\SYSTEM32\GLU32.dll
0x00007ffa22150000 - 0x00007ffa22186000 	C:\WINDOWS\SYSTEM32\dxcore.dll
0x00007ffa25840000 - 0x00007ffa2595e000 	C:\WINDOWS\System32\MSCTF.dll
0x00007ffa25190000 - 0x00007ffa2520b000 	C:\WINDOWS\System32\bcryptPrimitives.dll
0x00007ffa24970000 - 0x00007ffa24982000 	C:\WINDOWS\SYSTEM32\msasn1.dll
0x00007ffa18660000 - 0x00007ffa18692000 	C:\WINDOWS\SYSTEM32\cryptnet.dll
0x00007ffa252d0000 - 0x00007ffa25436000 	C:\WINDOWS\System32\CRYPT32.dll
0x00007ffa18500000 - 0x00007ffa18658000 	C:\WINDOWS\SYSTEM32\drvstore.dll
0x00007ffa24990000 - 0x00007ffa249bc000 	C:\WINDOWS\SYSTEM32\devobj.dll
0x00007ffa249c0000 - 0x00007ffa24a0e000 	C:\WINDOWS\SYSTEM32\cfgmgr32.dll
0x00007ffa244b0000 - 0x00007ffa244f8000 	C:\WINDOWS\SYSTEM32\wldp.dll
0x00007ffa24530000 - 0x00007ffa2453c000 	C:\WINDOWS\SYSTEM32\cryptbase.dll
0x00007ffa25630000 - 0x00007ffa2569b000 	C:\WINDOWS\System32\WINTRUST.DLL
0x00007ffa27310000 - 0x00007ffa2732f000 	C:\WINDOWS\System32\imagehlp.dll
0x00007ffa24550000 - 0x00007ffa2456b000 	C:\WINDOWS\SYSTEM32\CRYPTSP.dll
0x00007ffa23d40000 - 0x00007ffa23d75000 	C:\WINDOWS\system32\rsaenh.dll
0x00007ffa24680000 - 0x00007ffa246a8000 	C:\WINDOWS\SYSTEM32\bcrypt.dll
0x00007ff9a00e0000 - 0x00007ff9a03b1000 	C:\WINDOWS\system32\nvspcap64.dll
0x00007ffa23df0000 - 0x00007ffa23e24000 	C:\WINDOWS\SYSTEM32\ntmarta.dll
0x00007ffa242a0000 - 0x00007ffa242c6000 	C:\WINDOWS\SYSTEM32\gpapi.dll
0x00007ffa23870000 - 0x00007ffa2389d000 	C:\WINDOWS\SYSTEM32\IPHLPAPI.DLL
0x00007ffa269d0000 - 0x00007ffa269d9000 	C:\WINDOWS\System32\NSI.dll
0x00007ffa1e1c0000 - 0x00007ffa1e1d9000 	C:\WINDOWS\SYSTEM32\dhcpcsvc6.DLL
0x00007ffa1daf0000 - 0x00007ffa1db0f000 	C:\WINDOWS\SYSTEM32\dhcpcsvc.DLL
0x00007ffa238a0000 - 0x00007ffa23993000 	C:\WINDOWS\SYSTEM32\DNSAPI.dll
0x00007ff9ea710000 - 0x00007ff9ea723000 	D:\Program\JDK\jre\bin\nio.dll
0x000000006b100000 - 0x000000006b116000 	D:\WorkSpace\code-scanning-sys\code-scanning-sys\vbar.dll
0x00007ffa26c50000 - 0x00007ffa270c4000 	C:\WINDOWS\System32\SETUPAPI.dll
0x00007ffa23570000 - 0x00007ffa2357e000 	C:\WINDOWS\SYSTEM32\hid.dll
0x00007ffa1ff10000 - 0x00007ffa20010000 	C:\WINDOWS\SYSTEM32\PROPSYS.dll
0x00007ffa275b0000 - 0x00007ffa27660000 	C:\WINDOWS\System32\clbcatq.dll
0x00007ffa186e0000 - 0x00007ffa18815000 	C:\Windows\System32\Windows.System.Launcher.dll
0x00007ffa1fb40000 - 0x00007ffa1fbd3000 	C:\Windows\System32\msvcp110_win.dll
0x00007ffa1d010000 - 0x00007ffa1d02a000 	C:\WINDOWS\SYSTEM32\windows.staterepositorycore.dll
0x00007ff9d9980000 - 0x00007ff9d999a000 	C:\WINDOWS\system32\NetworkExplorer.dll
0x00007ff9f3ca0000 - 0x00007ff9f3d21000 	D:\Program\JDK\jre\bin\freetype.dll
0x00007ffa06d00000 - 0x00007ffa06d4b000 	D:\Program\JDK\jre\bin\fontmanager.dll
0x00007ffa1a080000 - 0x00007ffa1a0b5000 	C:\WINDOWS\system32\twext.dll
0x00007ff9cbfc0000 - 0x00007ff9cc091000 	C:\WINDOWS\System32\cscui.dll
0x00007ffa0b7c0000 - 0x00007ffa0b8ee000 	C:\WINDOWS\SYSTEM32\textinputframework.dll
0x0000000067100000 - 0x000000006713c000 	D:\Program\Tool\ShellExt\QQShellExt64.dll
0x00007ff9dca80000 - 0x00007ff9dcb10000 	C:\WINDOWS\system32\ntshrui.dll
0x00007ffa13010000 - 0x00007ffa1327a000 	C:\Windows\System32\twinapi.appcore.dll
0x00007ffa0ec30000 - 0x00007ffa0ed1b000 	C:\Windows\System32\Windows.StateRepositoryPS.dll
0x00007ffa186a0000 - 0x00007ffa186dd000 	C:\WINDOWS\SYSTEM32\windows.staterepositoryclient.dll
0x00007ff9dc820000 - 0x00007ff9dc8bf000 	C:\Windows\System32\Windows.FileExplorer.Common.dll
0x00007ffa0c030000 - 0x00007ffa0c0e0000 	C:\WINDOWS\SYSTEM32\TextShaping.dll
0x00007ffa08000000 - 0x00007ffa0809b000 	C:\Program Files (x86)\Lenovo\PCManager\5.0.80.3162\Security\x64\LAVRightBtnExt.dll
0x00007ffa21de0000 - 0x00007ffa21df4000 	C:\WINDOWS\SYSTEM32\WTSAPI32.dll
0x00007ff9d9fc0000 - 0x00007ff9da05a000 	C:\Windows\System32\appresolver.dll
0x00007ffa07d20000 - 0x00007ffa07f85000 	D:\Program\Tool\BaiduNetdisk\YunShellExtV164.dll
0x00007ffa03f60000 - 0x00007ffa04119000 	C:\WINDOWS\WinSxS\amd64_microsoft.windows.gdiplus_6595b64144ccf1df_1.1.22621.819_none_da30437f1b9d3de1\gdiplus.dll
0x00007ffa0dff0000 - 0x00007ffa0dffe000 	C:\WINDOWS\SYSTEM32\atlthunk.dll
0x00007ffa21a60000 - 0x00007ffa21b93000 	C:\WINDOWS\SYSTEM32\CoreMessaging.dll
0x00007ffa141d0000 - 0x00007ffa1453c000 	C:\WINDOWS\SYSTEM32\CoreUIComponents.dll
0x00007ffa06ed0000 - 0x00007ffa06f0e000 	C:\Windows\System32\WorkfoldersShell.dll
0x00007ffa17200000 - 0x00007ffa17228000 	C:\WINDOWS\system32\srvcli.dll
0x00007ff9f3840000 - 0x00007ff9f3852000 	C:\WINDOWS\SYSTEM32\cscapi.dll
0x00007ffa07a20000 - 0x00007ffa07d1a000 	C:\Users\ARK_LIU\AppData\Roaming\Resilio Sync\ShellExtensionPath64_55F.dll
0x00007ffa08ca0000 - 0x00007ffa08d0b000 	C:\WINDOWS\SYSTEM32\mscoree.dll
0x00007ffa087b0000 - 0x00007ffa0884b000 	C:\Windows\Microsoft.NET\Framework64\v4.0.30319\mscoreei.dll
0x00007ffa24b40000 - 0x00007ffa24be3000 	C:\WINDOWS\SYSTEM32\sxs.dll
0x00007ffa04840000 - 0x00007ffa051e3000 	C:\Windows\Microsoft.NET\Framework64\v4.0.30319\clr.dll
0x00007ffa04770000 - 0x00007ffa0477c000 	C:\WINDOWS\SYSTEM32\VCRUNTIME140_1_CLR0400.dll
0x00007ffa04750000 - 0x00007ffa0476b000 	C:\WINDOWS\SYSTEM32\VCRUNTIME140_CLR0400.dll
0x00007ffa04610000 - 0x00007ffa046dd000 	C:\WINDOWS\SYSTEM32\ucrtbase_clr0400.dll
0x00007ffa019b0000 - 0x00007ffa02f63000 	C:\WINDOWS\assembly\NativeImages_v4.0.30319_64\mscorlib\3b9003e4f27d92e40668f0efad11e022\mscorlib.ni.dll
0x00007ffa004c0000 - 0x00007ffa005ef000 	C:\Windows\Microsoft.NET\Framework64\v4.0.30319\clrjit.dll
0x00007ff9ff8a0000 - 0x00007ffa004bb000 	C:\WINDOWS\assembly\NativeImages_v4.0.30319_64\System\ce0fd4f5b50baa17e7b80e4ee874ad11\System.ni.dll
0x00007ff9fe630000 - 0x00007ff9ff0b6000 	C:\WINDOWS\assembly\NativeImages_v4.0.30319_64\System.Core\990501e6199819806f01c8ecac88baac\System.Core.ni.dll
0x00007ff9fd840000 - 0x00007ff9fd973000 	C:\WINDOWS\assembly\NativeImages_v4.0.30319_64\System.Configuration\2a25b59872a72da9b55f952ab1b0bc8b\System.Configuration.ni.dll
0x00007ff9fcc10000 - 0x00007ff9fd4c0000 	C:\WINDOWS\assembly\NativeImages_v4.0.30319_64\System.Xml\f0078c8c05b31633e5966c5629e65602\System.Xml.ni.dll
0x00007ffa06780000 - 0x00007ffa068af000 	C:\Windows\Microsoft.NET\Framework64\v4.0.30319\diasymreader.dll
0x00007ffa056f0000 - 0x00007ffa058e3000 	C:\WINDOWS\assembly\NativeImages_v4.0.30319_64\System.Drawing\3c82a5286b5172d5a68c8df2e09c4c40\System.Drawing.ni.dll
0x00007ffa207b0000 - 0x00007ffa20960000 	C:\WINDOWS\SYSTEM32\WindowsCodecs.dll
0x00007ffa0b5a0000 - 0x00007ffa0b5b3000 	C:\Program Files\MI\AIoT\MiShare\2.5.5.643\MiDropShellExt.dll
0x00007ffa07f90000 - 0x00007ffa07ffe000 	D:\Program\Tool\Huorong\Sysdiag\bin\HrShredShell-x64.dll
0x00007ffa0ac10000 - 0x00007ffa0ac4f000 	D:\Program\Tool\Huorong\Sysdiag\bin\HRShell-x64.dll

VM Arguments:
jvm_args: -javaagent:D:\Program\Profession\IntelliJ IDEA 2022.2.3\lib\idea_rt.jar=14214:D:\Program\Profession\IntelliJ IDEA 2022.2.3\bin -Dfile.encoding=UTF-8 
java_command: com.fantank.starter.Starter
java_class_path (initial): D:\Program\JDK\jre\lib\charsets.jar;D:\Program\JDK\jre\lib\ext\access-bridge-64.jar;D:\Program\JDK\jre\lib\ext\cldrdata.jar;D:\Program\JDK\jre\lib\ext\dnsns.jar;D:\Program\JDK\jre\lib\ext\jaccess.jar;D:\Program\JDK\jre\lib\ext\jfxrt.jar;D:\Program\JDK\jre\lib\ext\localedata.jar;D:\Program\JDK\jre\lib\ext\nashorn.jar;D:\Program\JDK\jre\lib\ext\sunec.jar;D:\Program\JDK\jre\lib\ext\sunjce_provider.jar;D:\Program\JDK\jre\lib\ext\sunmscapi.jar;D:\Program\JDK\jre\lib\ext\sunpkcs11.jar;D:\Program\JDK\jre\lib\ext\zipfs.jar;D:\Program\JDK\jre\lib\jce.jar;D:\Program\JDK\jre\lib\jfr.jar;D:\Program\JDK\jre\lib\jfxswt.jar;D:\Program\JDK\jre\lib\jsse.jar;D:\Program\JDK\jre\lib\management-agent.jar;D:\Program\JDK\jre\lib\resources.jar;D:\Program\JDK\jre\lib\rt.jar;D:\WorkSpace\code-scanning-sys\code-scanning-sys\target\classes;D:\WorkSpace\code-scanning-sys\code-scanning-sys\src\main\resources\jna.jar;D:\JavaDevelopment\Maven-repo\com\google\code\gson\gson\2.8.6\gson-2.8.6.jar;D:\JavaDevelopment\Maven-repo\org\springframework\spring-web\5.2.10.RELEASE\spring-web-5.2.10.RELEASE.jar;D:\JavaDevelopment\Maven-repo\org\springframework\spring-beans\5.2.10.RELEASE\spring-beans-5.2.10.RELEASE.jar;D:\JavaDevelopment\Maven-repo\org\springframework\spring-core\5.2.10.RELEASE\spring-core-5.2.10.RELEASE.jar;D:\JavaDevelopment\Maven-repo\org\springframework\spring-jcl\5.2.10.RELEASE\spring-jcl-5.2.10.RELEASE.jar;D:\JavaDevelopment\Maven-repo\javazoom\jlayer\1.0.1\jlayer-1.0.1.jar;D:\JavaDevelopment\Maven-repo\org\springframework\spring-webflux\5.3.10\spring-webflux-5.3.10.jar;D:\JavaDevelopment\Maven-repo\io\projectreactor\netty\reactor-netty-http\1.0.12\reactor-netty-http-1.0.12.jar;D:\JavaDevelopment\Maven-repo\io\netty\netty-codec-http\4.1.69.Final\netty-codec-http-4.1.69.Final.jar;D:\JavaDevelopment\Maven-repo\io\netty\netty-common\4.1.69.Final\netty-common-4.1.69.Final.jar;D:\JavaDevelopment\Maven-repo\io\netty\netty-buffer\4.1.69.Final\netty-buffer-4.1.69.Fina
Launcher Type: SUN_STANDARD

Environment Variables:
JAVA_HOME=D:\JavaDevelopment\Jdk1.8
PATH=D:\Program\Profession\VMware\bin\;D:\JavaDevelopment\Jdk1.8\bin;D:\Oculus\Support\oculus-runtime;C:\Program Files\NVIDIA GPU Computing Toolkit\CUDA\v11.6\bin;C:\Program Files\NVIDIA GPU Computing Toolkit\CUDA\v11.6\libnvvp;C:\Windows\system32;C:\Windows;C:\Windows\System32\Wbem;C:\Windows\System32\WindowsPowerShell\v1.0\;C:\Windows\System32\OpenSSH\;C:\Program Files\NVIDIA Corporation\NVIDIA NvDLISR;C:\Program Files\dotnet\;C:\Users\ARK_LIU\.dnx\bin;C:\Program Files\Microsoft DNX\Dnvm\;C:\WINDOWS\system32;C:\WINDOWS;C:\WINDOWS\System32\Wbem;C:\WINDOWS\System32\WindowsPowerShell\v1.0\;C:\WINDOWS\System32\OpenSSH\;C:\PATH\mingw64\mingw64\bin;C:\Program Files\NVIDIA Corporation\Nsight Compute 2022.1.0\;C:\WINDOWS\system32;C:\WINDOWS;C:\WINDOWS\System32\Wbem;C:\WINDOWS\System32\WindowsPowerShell\v1.0\;C:\WINDOWS\System32\OpenSSH\;D:\Program\Profession\MySql\bin;C:\Program Files (x86)\NVIDIA Corporation\PhysX\Common;D:\JavaDevelopment\apache-maven-3.9.0\bin;D:\JavaDevelopment\mysql-5.7.26-winx64\mysql-5.7.26-winx64\bin;D:\JavaDevelopment\nodeJs\;D:\JavaDevelopment\Git\cmd;C:\Users\ARK_LIU\AppData\Local\Microsoft\WindowsApps;C:\Program Files\Bandizip\;D:\Program\Profession\IntelliJ IDEA Educational Edition 2020.3.4\bin;;D:\Program\Profession\IntelliJ IDEA 2022.2.3\bin;;D:\Program\Profession\PyCharm 2021.1\bin;;D:\Program\Profession\Microsoft VS Code\bin;D:\Program\Tool\mingw64\bin;D:\Program\Profession\IntelliJ IDEA Community Edition 2022.2\bin;;C:\Users\ARK_LIU\AppData\Roaming\npm;C:\Users\ARK_LIU\AppData\Local\GitHubDesktop\bin
USERNAME=ARK_LIU
OS=Windows_NT
PROCESSOR_IDENTIFIER=AMD64 Family 25 Model 80 Stepping 0, AuthenticAMD



---------------  S Y S T E M  ---------------

OS: Windows 10.0 , 64 bit Build 22621 (10.0.22621.1485)

CPU:total 16 (initial active 16) (16 cores per cpu, 1 threads per core) family 25 model 80 stepping 0, cmov, cx8, fxsr, mmx, sse, sse2, sse3, ssse3, sse4.1, sse4.2, popcnt, avx, avx2, aes, clmul, erms, mmxext, 3dnowpref, lzcnt, sse4a, tsc, tscinvbit, tscinv, bmi1

Memory: 4k page, physical 33402940k(18269656k free), swap 38383676k(14311216k free)

vm_info: OpenJDK 64-Bit Server VM (25.292-b10) for windows-amd64 JRE (1.8.0_292-b10), built on Apr 20 2021 03:41:20 by "hudson" with MS VC++ 15.9 (VS2017)

time: Sun Apr 16 19:20:28 2023
timezone: 中国标准时间
elapsed time: 292.151351 seconds (0d 0h 4m 52s)

